2025-08-05 14:33:08 [main] INFO  api.tests.userTest - ********User creating***********
2025-08-05 14:33:12 [main] INFO  api.tests.userTest - ********User created***********
2025-08-05 14:33:12 [main] INFO  api.tests.userTest - ********Getting user deatils***********
2025-08-05 14:33:13 [main] INFO  api.tests.userTest - ********User list reterived***********
2025-08-05 14:33:13 [main] INFO  api.tests.userTest - ********updating user ***********
2025-08-05 14:33:15 [main] INFO  api.tests.userTest - ********User updated***********
2025-08-05 14:33:16 [main] INFO  api.tests.userTest - ********User delete***********
2025-08-05 14:33:17 [main] INFO  api.tests.userTest - ********User deleted successfully***********
2025-08-05 14:48:16 [main] INFO  api.tests.userTest - ********User creating***********
2025-08-05 14:48:19 [main] INFO  api.tests.userTest - ********User created***********
2025-08-05 14:48:19 [main] INFO  api.tests.userTest - ********Getting user deatils***********
2025-08-05 14:48:20 [main] INFO  api.tests.userTest - ********User list reterived***********
2025-08-05 14:48:20 [main] INFO  api.tests.userTest - ********updating user ***********
2025-08-05 14:48:23 [main] INFO  api.tests.userTest - ********User updated***********
2025-08-05 14:48:23 [main] INFO  api.tests.userTest - ********User delete***********
2025-08-05 14:48:24 [main] INFO  api.tests.userTest - ********User deleted successfully***********
2025-08-05 14:54:08 [main] INFO  api.tests.userTest - ********User creating***********
2025-08-05 14:54:11 [main] INFO  api.tests.userTest - ********User created***********
2025-08-05 14:54:11 [main] INFO  api.tests.userTest - ********Getting user deatils***********
2025-08-05 14:54:13 [main] INFO  api.tests.userTest - ********User list reterived***********
2025-08-05 14:54:13 [main] INFO  api.tests.userTest - ********updating user ***********
2025-08-05 14:54:17 [main] INFO  api.tests.userTest - ********User updated***********
2025-08-05 14:54:17 [main] INFO  api.tests.userTest - ********User delete***********
